<?xml version="1.0" encoding="UTF-8"?>
<Site BuildName="(empty)"
	BuildStamp="20250805-1520-Experimental"
	Name="(empty)"
	Generator="ctest-3.28.3"
	CompilerName=""
	CompilerVersion=""
	OSName="Linux"
	Hostname="BryanWindows8"
	OSRelease="6.6.87.2-microsoft-standard-WSL2"
	OSVersion="#1 SMP PREEMPT_DYNAMIC Thu Jun  5 18:30:46 UTC 2025"
	OSPlatform="x86_64"
	Is64Bits="1"
	VendorString="AuthenticAMD"
	VendorID="Advanced Micro Devices"
	FamilyID="21"
	ModelID="2"
	ProcessorCacheSize="2048"
	NumberOfLogicalCPU="6"
	NumberOfPhysicalCPU="3"
	TotalVirtualMemory="2048"
	TotalPhysicalMemory="7932"
	LogicalProcessorsPerPhysical="2"
	ProcessorClockFrequency="3506.96"
	>
	<Testing>
		<StartDateTime>Aug 05 11:20 EDT</StartDateTime>
		<StartTestTime>1754407221</StartTestTime>
		<TestList/>
		<EndDateTime>Aug 05 11:20 EDT</EndDateTime>
		<EndTestTime>1754407221</EndTestTime>
		<ElapsedMinutes>0</ElapsedMinutes>
	</Testing>
</Site>
